        -:    0:Source:Voting.h
        -:    0:Graph:TestVoting.gcno
        -:    0:Data:TestVoting.gcda
        -:    0:Runs:2
        -:    0:Programs:1
        -:    1:
        -:    2:#ifndef VOTING_H
        -:    3:#define VOTING_H
        -:    4:#include <iostream>
        -:    5:#include <string>
        -:    6:#include <vector>
        -:    7:#include <queue>
        -:    8:
        -:    9:using namespace std;
        -:   10:
function _ZN9CandidateC2ERKS_ called 0 returned 0% blocks executed 0%
function _ZN9CandidateD2Ev called 0 returned 0% blocks executed 0%
    #####:   11:struct Candidate {
call    0 never executed
call    1 never executed
branch  2 never executed
branch  3 never executed
call    4 never executed
call    5 never executed
call    6 never executed
        -:   12:	int cand_code;
        -:   13:	std::string name;
        -:   14:	vector <int> count_rows;
        -:   15:	bool eliminated;
        -:   16:
        -:   17:};
function _ZN6BallotC2ERKS_ called 0 returned 0% blocks executed 0%
function _ZN6BallotD2Ev called 0 returned 0% blocks executed 0%
    #####:   18:struct Ballot {
call    0 never executed
call    1 never executed
branch  2 never executed
branch  3 never executed
call    4 never executed
call    5 never executed
call    6 never executed
        -:   19:	string line;
        -:   20:	queue<int>counter;
        -:   21:};
        -:   22:
        -:   23:void read_case(istream& s,vector<Candidate> &cand_names,vector<Ballot>& ballot_lines);
        -:   24:
        -:   25:void eval_ballots(vector<Candidate> cand_names, vector<Ballot> ballot_lines, ostream& o);
        -:   26:
        -:   27:void voting_read(istream& s, ostream& o);
        -:   28:
        -:   29:#endif
